<?xml version="1.0" encoding="UTF-8"?>
<!-- Generated by org.testng.reporters.JUnitReportReporter -->
<testsuite hostname="DESKTOP-D0JLFQF" failures="0" tests="3" name="DataProvider.Class2" time="19.130" errors="0" timestamp="2023-01-16T15:14:03 IST" skipped="0">
  <testcase classname="DataProvider.Class2" name="m1" time="9.775"/>
  <system-out/>
  <testcase classname="DataProvider.Class2" name="m1" time="5.074"/>
  <system-out/>
  <testcase classname="DataProvider.Class2" name="m1" time="4.281"/>
  <system-out/>
</testsuite> <!-- DataProvider.Class2 -->
