<?xml version="1.0" encoding="UTF-8"?>
<!-- Generated by org.testng.reporters.JUnitReportReporter -->
<testsuite hostname="DESKTOP-D0JLFQF" failures="0" tests="1" name="BrokenLink.Class3" time="57.606" errors="0" timestamp="2023-01-16T15:10:50 IST" skipped="0">
  <testcase classname="BrokenLink.Class3" name="Brokenlink" time="57.606"/>
  <system-out>
    <![CDATA[https://www.facebook.com/# - Ok
https://www.facebook.com/recover/initiate/?privacy_mutation_token=eyJ0eXBlIjowLCJjcmVhdGlvbl90aW1lIjoxNjczODYxOTk2LCJjYWxsc2l0ZV9pZCI6MzgxMjI5MDc5NTc1OTQ2fQ%3D%3D&ars=facebook_login - Ok
https://www.facebook.com/# - Ok
https://www.facebook.com/pages/create/?ref_type=registration_form - Ok
https://mr-in.facebook.com/ - Ok
https://hi-in.facebook.com/ - Ok
https://ur-pk.facebook.com/ - Ok
https://gu-in.facebook.com/ - Ok
https://kn-in.facebook.com/ - Ok
https://pa-in.facebook.com/ - Ok
https://ta-in.facebook.com/ - Ok
https://bn-in.facebook.com/ - Ok
https://te-in.facebook.com/ - Ok
https://ml-in.facebook.com/ - Ok
https://www.facebook.com/# - Ok
https://www.facebook.com/reg/ - Ok
https://www.facebook.com/login/ - Ok
https://messenger.com/ - Ok
https://www.facebook.com/lite/ - Ok
https://www.facebook.com/watch/ - Ok
https://www.facebook.com/places/ - Ok
https://www.facebook.com/games/ - Ok
https://www.facebook.com/marketplace/ - Ok
https://pay.facebook.com/ - Ok
https://www.oculus.com/ - Ok
https://portal.facebook.com/ - Ok
https://l.facebook.com/l.php?u=https%3A%2F%2Fwww.instagram.com%2F&h=AT2VVDo2FBI6CymQ4MW58TcUlIFkhNkYoVGyEP9l0AzoJ4Z9fX-hp5rBI8rsfBg3y_qcfExDzHNAsF4RcbMhBAni7UYvqfGICOUgVP1HzOQ-ebD6ifa_hSsl5wqfIBXs4kCdR2W_N5DnT9GRF0RwWMhCccFWm_6VOQT4eQ - Ok
https://www.bulletin.com/ - Ok
https://www.facebook.com/fundraisers/ - Ok
https://www.facebook.com/biz/directory/ - Ok
https://www.facebook.com/votinginformationcenter/?entry_point=c2l0ZQ%3D%3D - Ok
https://www.facebook.com/privacy/policy/?entry_point=facebook_page_footer - Ok
https://www.facebook.com/privacy/center/?entry_point=facebook_page_footer - Ok
https://www.facebook.com/groups/explore/ - Ok
https://about.meta.com/ - Ok
https://www.facebook.com/ad_campaign/landing.php?placement=pflo&campaign_id=402047449186&nav_source=unknown&extra_1=auto - Ok
https://www.facebook.com/pages/create/?ref_type=site_footer - Ok
https://developers.facebook.com/?ref=pf - Ok
https://www.facebook.com/careers/?ref=pf - Ok
https://www.facebook.com/policies/cookies/ - Ok
https://www.facebook.com/help/568137493302217 - Ok
https://www.facebook.com/policies?ref=pf - Ok
https://www.facebook.com/help/?ref=pf - Ok
https://www.facebook.com/help/637205020878504 - Ok
https://www.facebook.com/settings - Ok
https://www.facebook.com/allactivity?privacy_source=activity_log_top_menu - Ok]]>
  </system-out>
</testsuite> <!-- BrokenLink.Class3 -->
