<?xml version="1.0" encoding="UTF-8"?>
<!-- Generated by org.testng.reporters.JUnitReportReporter -->
<testsuite hostname="DESKTOP-D0JLFQF" failures="0" tests="3" name="swaglab_DDF_01.SwagLAbTest_Base_And_Utility" time="19.333" errors="0" timestamp="2023-01-14T13:36:57 IST" skipped="0">
  <testcase classname="swaglab_DDF_01.SwagLAbTest_Base_And_Utility" name="verifylogo" time="4.852"/>
  <system-out/>
  <testcase classname="swaglab_DDF_01.SwagLAbTest_Base_And_Utility" name="verifylogo" time="4.663"/>
  <system-out/>
  <testcase classname="swaglab_DDF_01.SwagLAbTest_Base_And_Utility" name="verifylogo" time="9.818"/>
  <system-out/>
</testsuite> <!-- swaglab_DDF_01.SwagLAbTest_Base_And_Utility -->
