<?xml version="1.0" encoding="UTF-8"?>
<!-- Generated by org.testng.reporters.JUnitReportReporter -->
<testsuite hostname="DESKTOP-D0JLFQF" failures="0" tests="2" name="DataProvider.Class1" time="11.811" errors="0" timestamp="2023-01-14T12:05:07 IST" skipped="0">
  <testcase classname="DataProvider.Class1" name="login" time="5.696"/>
  <system-out/>
  <testcase classname="DataProvider.Class1" name="login" time="6.115"/>
  <system-out/>
</testsuite> <!-- DataProvider.Class1 -->
